<?xml version="1.0" encoding="UTF-8"?>
<testsuite name="ru.stqa.pft.addressbook.tests.ContactCreationTests" tests="2" skipped="0" failures="0" errors="0" timestamp="2017-10-22T20:09:48" hostname="dsud-troshkin" time="38.664">
  <properties/>
  <testcase name="testContactCreation[0](ContactData{first_name='test_First_name 0', last_name='test_Last name 0', id=0})" classname="ru.stqa.pft.addressbook.tests.ContactCreationTests" time="24.583"/>
  <testcase name="testContactCreation[1](ContactData{first_name='test_First_name 1', last_name='test_Last name 1', id=0})" classname="ru.stqa.pft.addressbook.tests.ContactCreationTests" time="14.081"/>
  <system-out><![CDATA[]]></system-out>
  <system-err><![CDATA[]]></system-err>
</testsuite>
