<?xml version="1.0" encoding="UTF-8"?>
<testsuite name="ru.stqa.pft.addressbook.tests.ContactDeletionTest" tests="1" skipped="0" failures="0" errors="0" timestamp="2017-10-22T19:09:46" hostname="dsud-troshkin" time="5.412">
  <properties/>
  <testcase name="testContactDeletion" classname="ru.stqa.pft.addressbook.tests.ContactDeletionTest" time="5.412"/>
  <system-out><![CDATA[]]></system-out>
  <system-err><![CDATA[]]></system-err>
</testsuite>
