<?xml version="1.0" encoding="UTF-8"?>
<testsuite name="ru.stqa.pft.addressbook.tests.GroupCreationTests" tests="3" skipped="0" failures="0" errors="0" timestamp="2017-10-22T19:08:27" hostname="dsud-troshkin" time="22.315">
  <properties/>
  <testcase name="testGroupCreation[0](GroupData{name='test 0', id='2147483647'})" classname="ru.stqa.pft.addressbook.tests.GroupCreationTests" time="10.53"/>
  <testcase name="testGroupCreation[1](GroupData{name='test 1', id='2147483647'})" classname="ru.stqa.pft.addressbook.tests.GroupCreationTests" time="5.875"/>
  <testcase name="testGroupCreation[2](GroupData{name='test 2', id='2147483647'})" classname="ru.stqa.pft.addressbook.tests.GroupCreationTests" time="5.908"/>
  <system-out><![CDATA[]]></system-out>
  <system-err><![CDATA[]]></system-err>
</testsuite>
